<?xml version="1.0" encoding="UTF-8"?>
<!-- Generated by org.testng.reporters.JUnitReportReporter -->
<testsuite hostname="DESKTOP-9QLAD2I" failures="0" tests="1" name="com.Actitime.userTest.UserTest" time="7.921" errors="0" timestamp="2020-11-06T11:08:36 IST" skipped="0">
  <testcase classname="com.Actitime.userTest.UserTest" name="CreateUserTest2" time="7.921"/>
  <system-out/>
</testsuite> <!-- com.Actitime.userTest.UserTest -->
