<?xml version="1.0" encoding="UTF-8"?>
<!-- Generated by org.testng.reporters.JUnitReportReporter -->
<testsuite hostname="DESKTOP-9QLAD2I" failures="0" tests="5" name="com.Practice.selenium.cartTest" time="0.025" errors="0" timestamp="2020-11-11T11:09:22 IST" skipped="0">
  <testcase classname="com.Practice.selenium.cartTest" name="addToCartTest" time="0.003"/>
  <system-out/>
  <testcase classname="com.Practice.selenium.cartTest" name="addToCartTest" time="0.009"/>
  <system-out/>
  <testcase classname="com.Practice.selenium.cartTest" name="addToCartTest" time="0.006"/>
  <system-out/>
  <testcase classname="com.Practice.selenium.cartTest" name="addToCartTest" time="0.004"/>
  <system-out/>
  <testcase classname="com.Practice.selenium.cartTest" name="addToCartTest" time="0.003"/>
  <system-out/>
</testsuite> <!-- com.Practice.selenium.cartTest -->
